<?xml version="1.0" encoding="UTF-8" ?>
<testsuite tests="1" failures="0" name="cn.gdcp.TestHomePage" time="0.773" errors="0" skipped="0">
  <properties>
    <property name="java.runtime.name" value="Java(TM) SE Runtime Environment"/>
    <property name="sun.boot.library.path" value="D:\Program Files\Java\jdk1.8.0_162\jre\bin"/>
    <property name="java.vm.version" value="25.162-b12"/>
    <property name="java.vm.vendor" value="Oracle Corporation"/>
    <property name="maven.multiModuleProjectDirectory" value="D:\JavaProject\demo1014"/>
    <property name="java.vendor.url" value="http://java.oracle.com/"/>
    <property name="path.separator" value=";"/>
    <property name="guice.disable.misplaced.annotation.check" value="true"/>
    <property name="java.vm.name" value="Java HotSpot(TM) 64-Bit Server VM"/>
    <property name="file.encoding.pkg" value="sun.io"/>
    <property name="user.script" value=""/>
    <property name="user.country" value="CN"/>
    <property name="sun.java.launcher" value="SUN_STANDARD"/>
    <property name="sun.os.patch.level" value=""/>
    <property name="java.vm.specification.name" value="Java Virtual Machine Specification"/>
    <property name="user.dir" value="D:\JavaProject\demo1014"/>
    <property name="java.runtime.version" value="1.8.0_162-b12"/>
    <property name="java.awt.graphicsenv" value="sun.awt.Win32GraphicsEnvironment"/>
    <property name="java.endorsed.dirs" value="D:\Program Files\Java\jdk1.8.0_162\jre\lib\endorsed"/>
    <property name="os.arch" value="amd64"/>
    <property name="java.io.tmpdir" value="C:\Users\恒心~1.DES\AppData\Local\Temp\"/>
    <property name="line.separator" value="
"/>
    <property name="java.vm.specification.vendor" value="Oracle Corporation"/>
    <property name="user.variant" value=""/>
    <property name="os.name" value="Windows 10"/>
    <property name="classworlds.conf" value="D:\Program Files\apache-maven-3.5.2\bin\..\bin\m2.conf"/>
    <property name="sun.jnu.encoding" value="GBK"/>
    <property name="java.library.path" value="D:\Program Files\Java\jdk1.8.0_162\bin;C:\WINDOWS\Sun\Java\bin;C:\WINDOWS\system32;C:\WINDOWS;D:\Program Files\Java\jdk1.8.0_162\bin;D:\Program Files\Java\jdk1.8.0_162\jre\bin;C:\Windows\system32;C:\Windows;C:\Windows\System32\Wbem;C:\Windows\System32\WindowsPowerShell\v1.0\;C:\Program Files (x86)\NVIDIA Corporation\PhysX\Common;C:\Program Files\NVIDIA Corporation\NVIDIA NvDLISR;E:\Program Files (x86)\Android Sdk\platform-tools;C:\WINDOWS\system32;C:\WINDOWS;C:\WINDOWS\System32\Wbem;C:\WINDOWS\System32\WindowsPowerShell\v1.0\;C:\WINDOWS\System32\OpenSSH\;F:\xampp\php;C:\ProgramData\ComposerSetup\bin;F:\nodejs\;C:\ProgramData\chocolatey\bin;C:\Users\恒心.DESKTOP-HNE4HK9\AppData\Roaming\npm;\Microsoft VS Code\bin;F:\xampp\apache\bin;E:\Program Files\Android\sdk\platform-tools;F:\composer;D:\Program Files\MySQL\MySQL Server 5.5\bin;F:\phpstudy_pro\Extensions\php\php7.3.4nts;F:\phpstudy_pro\Extensions\composer1.8.5;F:\xampp\mysql\bin;D:\Program Files\apache-maven-3.5.2\bin;C:\Users\恒心.DESKTOP-HNE4HK9\AppData\Local\Microsoft\WindowsApps;C:\Users\恒心.DESKTOP-HNE4HK9\AppData\Roaming\Composer\vendor\bin;C:\Users\恒心.DESKTOP-HNE4HK9\AppData\Roaming\Composer\vendor\bin;C:\Users\恒心.DESKTOP-HNE4HK9\AppData\Local\ComposerSetup\bin;C:\Users\恒心.DESKTOP-HNE4HK9\AppData\Roaming\Composer\vendor\bin;C:\Users\恒心.DESKTOP-HNE4HK9\AppData\Roaming\Composer\vendor\bin;C:\Users\恒心.DESKTOP-HNE4HK9\AppData\Local\BypassRuntm;F:\Microsoft VS Code\bin;D:\Program Files\JetBrains\IntelliJ IDEA 2019.1.3\bin;;."/>
    <property name="maven.conf" value="D:\Program Files\apache-maven-3.5.2\bin\../conf"/>
    <property name="java.specification.name" value="Java Platform API Specification"/>
    <property name="java.class.version" value="52.0"/>
    <property name="sun.management.compiler" value="HotSpot 64-Bit Tiered Compilers"/>
    <property name="os.version" value="10.0"/>
    <property name="library.jansi.path" value="D:\Program Files\apache-maven-3.5.2\bin\..\lib\jansi-native"/>
    <property name="user.home" value="C:\Users\恒心.DESKTOP-HNE4HK9"/>
    <property name="user.timezone" value="Asia/Shanghai"/>
    <property name="java.awt.printerjob" value="sun.awt.windows.WPrinterJob"/>
    <property name="java.specification.version" value="1.8"/>
    <property name="file.encoding" value="GBK"/>
    <property name="user.name" value="恒心"/>
    <property name="java.class.path" value="D:\Program Files\apache-maven-3.5.2\bin\..\boot\plexus-classworlds-2.5.2.jar"/>
    <property name="java.vm.specification.version" value="1.8"/>
    <property name="sun.arch.data.model" value="64"/>
    <property name="java.home" value="D:\Program Files\Java\jdk1.8.0_162\jre"/>
    <property name="sun.java.command" value="org.codehaus.plexus.classworlds.launcher.Launcher test"/>
    <property name="java.specification.vendor" value="Oracle Corporation"/>
    <property name="user.language" value="zh"/>
    <property name="awt.toolkit" value="sun.awt.windows.WToolkit"/>
    <property name="java.vm.info" value="mixed mode"/>
    <property name="java.version" value="1.8.0_162"/>
    <property name="java.ext.dirs" value="D:\Program Files\Java\jdk1.8.0_162\jre\lib\ext;C:\WINDOWS\Sun\Java\lib\ext"/>
    <property name="sun.boot.class.path" value="D:\Program Files\Java\jdk1.8.0_162\jre\lib\resources.jar;D:\Program Files\Java\jdk1.8.0_162\jre\lib\rt.jar;D:\Program Files\Java\jdk1.8.0_162\jre\lib\sunrsasign.jar;D:\Program Files\Java\jdk1.8.0_162\jre\lib\jsse.jar;D:\Program Files\Java\jdk1.8.0_162\jre\lib\jce.jar;D:\Program Files\Java\jdk1.8.0_162\jre\lib\charsets.jar;D:\Program Files\Java\jdk1.8.0_162\jre\lib\jfr.jar;D:\Program Files\Java\jdk1.8.0_162\jre\classes"/>
    <property name="sun.stderr.encoding" value="ms936"/>
    <property name="java.vendor" value="Oracle Corporation"/>
    <property name="maven.home" value="D:\Program Files\apache-maven-3.5.2\bin\.."/>
    <property name="file.separator" value="\"/>
    <property name="java.vendor.url.bug" value="http://bugreport.sun.com/bugreport/"/>
    <property name="sun.cpu.endian" value="little"/>
    <property name="sun.io.unicode.encoding" value="UnicodeLittle"/>
    <property name="sun.stdout.encoding" value="ms936"/>
    <property name="sun.desktop" value="windows"/>
    <property name="sun.cpu.isalist" value="amd64"/>
  </properties>
  <testcase classname="cn.gdcp.TestHomePage" name="testRenderMyPage" time="0.773"/>
</testsuite>